INFO  2018-04-03 03:09:33,896 (Saros.java:220) Starting Saros 14.10.31 running:
  Java Version: 1.8.0_161
  Java Vendor: Oracle Corporation
  Eclipse Runtime Version: 3.11.1.v20150903-1804
  Operating System: Windows 7 (6.1)
  Hardware Architecture: x86
INFO  2018-04-03 03:09:34,235 (SarosContext.java:153) creating Saros runtime context...
DEBUG 2018-04-03 03:09:34,534 (XMPPAccountStore.java:117) loading accounts from file: C:\Users\Utilisateur\.saros\config.dat
DEBUG 2018-04-03 03:09:36,857 (XMPPAccountStore.java:176) loaded 3 account(s)
INFO  2018-04-03 03:09:38,748 (SarosContext.java:199) successfully created Saros runtime context
DEBUG 2018-04-03 03:09:38,924 (DataTransferManager.java:467) used transport order for the current XMPP connection: [XMPP-Socks5-Transport, XMPP-IBB-Transport]
INFO  2018-04-03 03:09:39,040 (PreferenceInitializer.java:50) initializing preference default values
DEBUG 2018-04-03 03:09:39,268 (SarosAnnotation.java:117) resetting annotation colors
DEBUG 2018-04-03 03:09:39,555 (Saros.java:430) skipping conversion of old XMPP accounts, because there are already new ones
DEBUG 2018-04-03 03:09:54,944 (SharedDocumentProvider.java:77) SharedDocumentProvider created by Eclipse
DEBUG 2018-04-03 03:10:26,648 (WhiteboardManager.java:194) WhiteboardManager instantiated
DEBUG 2018-04-03 03:10:27,335 (DocumentRecord.java:93) Added Node: attr(152271782729432241) name=svg
DEBUG 2018-04-03 03:10:28,732 (XMPPConnectionService.java:439) started Socks5 proxy on port: 7777 [listening on all interfaces]
DEBUG 2018-04-03 03:10:29,375 (XMPPConnectionService.java:459) using autodetected addresses: [192.168.43.57, fe80:0:0:0:5909:ff6c:4f52:7730%wlan0]
DEBUG 2018-04-03 03:10:29,465 (XMPPConnectionService.java:398)  new connection state == CONNECTING
DEBUG 2018-04-03 03:10:31,964 (XMPPConnectionService.java:398) leroideskiwis@saros-con.imp.fu-berlin.de/Saros new connection state == CONNECTED
DEBUG 2018-04-03 03:10:31,964 (DataTransferManager.java:467) used transport order for the current XMPP connection: [XMPP-Socks5-Transport, XMPP-IBB-Transport]
DEBUG 2018-04-03 03:10:31,968 (SkypeManager.java:289) Refreshing Skype username cache...
WARN  2018-04-03 03:10:40,196 (StunServiceImpl.java:420) received no response from STUN server stunserver.org/67.227.226.240:3478 at local address /192.168.43.57:0
