2017-12-30 17:26:35,058 [Worker-1] INFO  c.g.t.t.d.PublishedGradleVersions - Gradle version information cache is up-to-date. Trying to read.
2017-12-30 17:56:32,773 [Worker-3] INFO  c.g.t.t.d.PublishedGradleVersions - Gradle version information cache is up-to-date. Trying to read.
2017-12-30 23:19:33,303 [Worker-6] INFO  c.g.t.t.d.PublishedGradleVersions - Gradle version information cache is up-to-date. Trying to read.
2017-12-30 23:58:02,048 [Worker-4] INFO  c.g.t.t.d.PublishedGradleVersions - Gradle version information cache is up-to-date. Trying to read.
2017-12-31 00:34:35,037 [Worker-4] INFO  c.g.t.t.d.PublishedGradleVersions - Gradle version information cache is up-to-date. Trying to read.
2018-01-02 01:18:41,451 [Worker-1] INFO  c.g.t.t.d.PublishedGradleVersions - Gradle version information cache is out-of-date. Trying to update.
2018-01-02 04:07:39,956 [Worker-1] INFO  c.g.t.t.d.PublishedGradleVersions - Gradle version information cache is up-to-date. Trying to read.
2018-01-02 11:27:52,186 [Worker-0] INFO  c.g.t.t.d.PublishedGradleVersions - Gradle version information cache is up-to-date. Trying to read.
2018-01-02 13:45:33,101 [Worker-0] INFO  c.g.t.t.d.PublishedGradleVersions - Gradle version information cache is up-to-date. Trying to read.
2018-01-02 23:58:44,710 [Worker-0] INFO  c.g.t.t.d.PublishedGradleVersions - Gradle version information cache is up-to-date. Trying to read.
2018-01-03 03:49:43,880 [Worker-1] INFO  c.g.t.t.d.PublishedGradleVersions - Gradle version information cache is out-of-date. Trying to update.
2018-01-03 15:03:42,303 [Worker-2] INFO  c.g.t.t.d.PublishedGradleVersions - Gradle version information cache is up-to-date. Trying to read.
2018-01-05 17:15:15,887 [Worker-2] INFO  c.g.t.t.d.PublishedGradleVersions - Gradle version information cache is out-of-date. Trying to update.
2018-01-06 14:43:41,278 [main] INFO  c.g.t.t.d.PublishedGradleVersions - Gradle version information cache file is not out-of-date. No remote download required.
2018-01-07 15:32:52,612 [Worker-82] INFO  c.g.t.t.d.PublishedGradleVersions - Gradle version information cache file is out-of-date. Remote download required.
2018-01-10 14:10:37,097 [Worker-38] INFO  c.g.t.t.d.PublishedGradleVersions - Gradle version information cache file is out-of-date. Remote download required.
2018-01-13 01:27:23,102 [Worker-33] INFO  c.g.t.t.d.PublishedGradleVersions - Gradle version information cache file is out-of-date. Remote download required.
2018-01-13 11:01:35,326 [main] INFO  c.g.t.t.d.PublishedGradleVersions - Gradle version information cache file is not out-of-date. No remote download required.
2018-01-17 22:39:57,443 [Worker-24] INFO  c.g.t.t.d.PublishedGradleVersions - Gradle version information cache file is out-of-date. Remote download required.
2018-01-17 23:41:55,457 [main] INFO  o.e.r.s.GitSnippetRepository - Failed to parse query
org.apache.lucene.queryParser.ParseException: Cannot parse '[': Encountered "<EOF>" at line 1, column 1.
Was expecting one of:
    <RANGEIN_QUOTED> ...
    <RANGEIN_GOOP> ...
    
	at org.apache.lucene.queryParser.QueryParser.parse(QueryParser.java:211) ~[org.apache.lucene.core_3.5.0.v20120725-1805.jar:3.5.0 1204988 - simon - 2011-11-22 14:46:51]
	at org.eclipse.recommenders.snipmatch.FileSnippetRepository.searchSnippetFiles(FileSnippetRepository.java:347) [org.eclipse.recommenders.snipmatch_2.3.0.v20160216-1255.jar:na]
	at org.eclipse.recommenders.snipmatch.FileSnippetRepository.doSearch(FileSnippetRepository.java:324) [org.eclipse.recommenders.snipmatch_2.3.0.v20160216-1255.jar:na]
	at org.eclipse.recommenders.snipmatch.FileSnippetRepository.search(FileSnippetRepository.java:306) [org.eclipse.recommenders.snipmatch_2.3.0.v20160216-1255.jar:na]
	at org.eclipse.recommenders.internal.snipmatch.rcp.EclipseGitSnippetRepository.search(EclipseGitSnippetRepository.java:284) [org.eclipse.recommenders.snipmatch.rcp_2.3.0.v20160216-1255.jar:na]
	at org.eclipse.recommenders.internal.snipmatch.rcp.completion.AbstractContentAssistProcessor.computeCompletionProposals(AbstractContentAssistProcessor.java:154) [org.eclipse.recommenders.snipmatch.rcp_2.3.0.v20160216-1255.jar:na]
	at org.eclipse.jface.text.contentassist.ContentAssistant$5.run(ContentAssistant.java:1904) [org.eclipse.jface.text_3.10.0.v20150603-1752.jar:na]
	at org.eclipse.core.runtime.SafeRunner.run(SafeRunner.java:42) [org.eclipse.equinox.common_3.7.0.v20150402-1709.jar:na]
	at org.eclipse.jface.text.contentassist.ContentAssistant.computeCompletionProposals(ContentAssistant.java:1902) [org.eclipse.jface.text_3.10.0.v20150603-1752.jar:na]
	at org.eclipse.jface.text.contentassist.CompletionProposalPopup.computeProposals(CompletionProposalPopup.java:573) [org.eclipse.jface.text_3.10.0.v20150603-1752.jar:na]
	at org.eclipse.jface.text.contentassist.CompletionProposalPopup.access$16(CompletionProposalPopup.java:570) [org.eclipse.jface.text_3.10.0.v20150603-1752.jar:na]
	at org.eclipse.jface.text.contentassist.CompletionProposalPopup$14.run(CompletionProposalPopup.java:1610) [org.eclipse.jface.text_3.10.0.v20150603-1752.jar:na]
	at org.eclipse.swt.custom.BusyIndicator.showWhile(BusyIndicator.java:70) [org.eclipse.swt.win32.win32.x86_3.104.2.v20160212-1350.jar:na]
	at org.eclipse.jface.text.contentassist.CompletionProposalPopup.incrementalComplete(CompletionProposalPopup.java:1604) [org.eclipse.jface.text_3.10.0.v20150603-1752.jar:na]
	at org.eclipse.jface.text.contentassist.ContentAssistant.showPossibleCompletions(ContentAssistant.java:1719) [org.eclipse.jface.text_3.10.0.v20150603-1752.jar:na]
	at org.eclipse.recommenders.internal.snipmatch.rcp.completion.SnipmatchCompletionEngine$6.modifyText(SnipmatchCompletionEngine.java:252) [org.eclipse.recommenders.snipmatch.rcp_2.3.0.v20160216-1255.jar:na]
	at org.eclipse.swt.widgets.TypedListener.handleEvent(TypedListener.java:179) [org.eclipse.swt.win32.win32.x86_3.104.2.v20160212-1350.jar:na]
	at org.eclipse.swt.widgets.EventTable.sendEvent(EventTable.java:84) [org.eclipse.swt.win32.win32.x86_3.104.2.v20160212-1350.jar:na]
	at org.eclipse.swt.widgets.Display.sendEvent(Display.java:4362) [org.eclipse.swt.win32.win32.x86_3.104.2.v20160212-1350.jar:na]
	at org.eclipse.swt.widgets.Widget.sendEvent(Widget.java:1113) [org.eclipse.swt.win32.win32.x86_3.104.2.v20160212-1350.jar:na]
	at org.eclipse.swt.widgets.Widget.sendEvent(Widget.java:1137) [org.eclipse.swt.win32.win32.x86_3.104.2.v20160212-1350.jar:na]
	at org.eclipse.swt.widgets.Widget.sendEvent(Widget.java:1122) [org.eclipse.swt.win32.win32.x86_3.104.2.v20160212-1350.jar:na]
	at org.eclipse.swt.widgets.Widget.notifyListeners(Widget.java:788) [org.eclipse.swt.win32.win32.x86_3.104.2.v20160212-1350.jar:na]
	at org.eclipse.swt.custom.StyledText.modifyContent(StyledText.java:7316) [org.eclipse.swt.win32.win32.x86_3.104.2.v20160212-1350.jar:na]
	at org.eclipse.swt.custom.StyledText.sendKeyEvent(StyledText.java:8159) [org.eclipse.swt.win32.win32.x86_3.104.2.v20160212-1350.jar:na]
	at org.eclipse.swt.custom.StyledText.doContent(StyledText.java:2502) [org.eclipse.swt.win32.win32.x86_3.104.2.v20160212-1350.jar:na]
	at org.eclipse.swt.custom.StyledText.handleKey(StyledText.java:5967) [org.eclipse.swt.win32.win32.x86_3.104.2.v20160212-1350.jar:na]
	at org.eclipse.swt.custom.StyledText.handleKeyDown(StyledText.java:5998) [org.eclipse.swt.win32.win32.x86_3.104.2.v20160212-1350.jar:na]
	at org.eclipse.swt.custom.StyledText$7.handleEvent(StyledText.java:5685) [org.eclipse.swt.win32.win32.x86_3.104.2.v20160212-1350.jar:na]
	at org.eclipse.swt.widgets.EventTable.sendEvent(EventTable.java:84) [org.eclipse.swt.win32.win32.x86_3.104.2.v20160212-1350.jar:na]
	at org.eclipse.swt.widgets.Display.sendEvent(Display.java:4362) [org.eclipse.swt.win32.win32.x86_3.104.2.v20160212-1350.jar:na]
	at org.eclipse.swt.widgets.Widget.sendEvent(Widget.java:1113) [org.eclipse.swt.win32.win32.x86_3.104.2.v20160212-1350.jar:na]
	at org.eclipse.swt.widgets.Widget.sendEvent(Widget.java:1137) [org.eclipse.swt.win32.win32.x86_3.104.2.v20160212-1350.jar:na]
	at org.eclipse.swt.widgets.Widget.sendEvent(Widget.java:1122) [org.eclipse.swt.win32.win32.x86_3.104.2.v20160212-1350.jar:na]
	at org.eclipse.swt.widgets.Widget.sendKeyEvent(Widget.java:1164) [org.eclipse.swt.win32.win32.x86_3.104.2.v20160212-1350.jar:na]
	at org.eclipse.swt.widgets.Widget.sendKeyEvent(Widget.java:1160) [org.eclipse.swt.win32.win32.x86_3.104.2.v20160212-1350.jar:na]
	at org.eclipse.swt.widgets.Widget.wmChar(Widget.java:1581) [org.eclipse.swt.win32.win32.x86_3.104.2.v20160212-1350.jar:na]
	at org.eclipse.swt.widgets.Control.WM_CHAR(Control.java:4795) [org.eclipse.swt.win32.win32.x86_3.104.2.v20160212-1350.jar:na]
	at org.eclipse.swt.widgets.Canvas.WM_CHAR(Canvas.java:343) [org.eclipse.swt.win32.win32.x86_3.104.2.v20160212-1350.jar:na]
	at org.eclipse.swt.widgets.Control.windowProc(Control.java:4676) [org.eclipse.swt.win32.win32.x86_3.104.2.v20160212-1350.jar:na]
	at org.eclipse.swt.widgets.Canvas.windowProc(Canvas.java:339) [org.eclipse.swt.win32.win32.x86_3.104.2.v20160212-1350.jar:na]
	at org.eclipse.swt.widgets.Display.windowProc(Display.java:5063) [org.eclipse.swt.win32.win32.x86_3.104.2.v20160212-1350.jar:na]
	at org.eclipse.swt.internal.win32.OS.DispatchMessageW(Native Method) [org.eclipse.swt.win32.win32.x86_3.104.2.v20160212-1350.jar:na]
	at org.eclipse.swt.internal.win32.OS.DispatchMessage(OS.java:2549) [org.eclipse.swt.win32.win32.x86_3.104.2.v20160212-1350.jar:na]
	at org.eclipse.swt.widgets.Display.readAndDispatch(Display.java:3767) [org.eclipse.swt.win32.win32.x86_3.104.2.v20160212-1350.jar:na]
	at org.eclipse.e4.ui.internal.workbench.swt.PartRenderingEngine$4.run(PartRenderingEngine.java:1127) [org.eclipse.e4.ui.workbench.swt_0.13.0.v20150504-0621.jar:na]
	at org.eclipse.core.databinding.observable.Realm.runWithDefault(Realm.java:337) [org.eclipse.core.databinding.observable_1.5.0.v20150422-0725.jar:na]
	at org.eclipse.e4.ui.internal.workbench.swt.PartRenderingEngine.run(PartRenderingEngine.java:1018) [org.eclipse.e4.ui.workbench.swt_0.13.0.v20150504-0621.jar:na]
	at org.eclipse.e4.ui.internal.workbench.E4Workbench.createAndRunUI(E4Workbench.java:156) [org.eclipse.e4.ui.workbench_1.3.1.v20160203-0951.jar:na]
	at org.eclipse.ui.internal.Workbench$5.run(Workbench.java:694) [org.eclipse.ui.workbench_3.107.1.v20160120-2131.jar:na]
	at org.eclipse.core.databinding.observable.Realm.runWithDefault(Realm.java:337) [org.eclipse.core.databinding.observable_1.5.0.v20150422-0725.jar:na]
	at org.eclipse.ui.internal.Workbench.createAndRunWorkbench(Workbench.java:606) [org.eclipse.ui.workbench_3.107.1.v20160120-2131.jar:na]
	at org.eclipse.ui.PlatformUI.createAndRunWorkbench(PlatformUI.java:150) [org.eclipse.ui.workbench_3.107.1.v20160120-2131.jar:na]
	at org.eclipse.ui.internal.ide.application.IDEApplication.start(IDEApplication.java:139) [org.eclipse.ui.ide.application_1.1.0.v20150422-0725.jar:na]
	at org.eclipse.equinox.internal.app.EclipseAppHandle.run(EclipseAppHandle.java:196) [org.eclipse.equinox.app_1.3.300.v20150423-1356.jar:na]
	at org.eclipse.core.runtime.internal.adaptor.EclipseAppLauncher.runApplication(EclipseAppLauncher.java:134) [org.eclipse.osgi_3.10.102.v20160118-1700.jar:na]
	at org.eclipse.core.runtime.internal.adaptor.EclipseAppLauncher.start(EclipseAppLauncher.java:104) [org.eclipse.osgi_3.10.102.v20160118-1700.jar:na]
	at org.eclipse.core.runtime.adaptor.EclipseStarter.run(EclipseStarter.java:380) [org.eclipse.osgi_3.10.102.v20160118-1700.jar:na]
	at org.eclipse.core.runtime.adaptor.EclipseStarter.run(EclipseStarter.java:235) [org.eclipse.osgi_3.10.102.v20160118-1700.jar:na]
	at sun.reflect.NativeMethodAccessorImpl.invoke0(Native Method) ~[na:1.8.0_151]
	at sun.reflect.NativeMethodAccessorImpl.invoke(Unknown Source) ~[na:1.8.0_151]
	at sun.reflect.DelegatingMethodAccessorImpl.invoke(Unknown Source) ~[na:1.8.0_151]
	at java.lang.reflect.Method.invoke(Unknown Source) ~[na:1.8.0_151]
	at org.eclipse.equinox.launcher.Main.invokeFramework(Main.java:669) [org.eclipse.equinox.launcher_1.3.100.v20150511-1540.jar:na]
	at org.eclipse.equinox.launcher.Main.basicRun(Main.java:608) [org.eclipse.equinox.launcher_1.3.100.v20150511-1540.jar:na]
	at org.eclipse.equinox.launcher.Main.run(Main.java:1515) [org.eclipse.equinox.launcher_1.3.100.v20150511-1540.jar:na]
Caused by: org.apache.lucene.queryParser.ParseException: Encountered "<EOF>" at line 1, column 1.
Was expecting one of:
    <RANGEIN_QUOTED> ...
    <RANGEIN_GOOP> ...
    
	at org.apache.lucene.queryParser.QueryParser.generateParseException(QueryParser.java:1818) ~[org.apache.lucene.core_3.5.0.v20120725-1805.jar:3.5.0 1204988 - simon - 2011-11-22 14:46:51]
	at org.apache.lucene.queryParser.QueryParser.jj_consume_token(QueryParser.java:1700) ~[org.apache.lucene.core_3.5.0.v20120725-1805.jar:3.5.0 1204988 - simon - 2011-11-22 14:46:51]
	at org.apache.lucene.queryParser.QueryParser.Term(QueryParser.java:1435) ~[org.apache.lucene.core_3.5.0.v20120725-1805.jar:3.5.0 1204988 - simon - 2011-11-22 14:46:51]
	at org.apache.lucene.queryParser.QueryParser.Clause(QueryParser.java:1309) ~[org.apache.lucene.core_3.5.0.v20120725-1805.jar:3.5.0 1204988 - simon - 2011-11-22 14:46:51]
	at org.apache.lucene.queryParser.QueryParser.Query(QueryParser.java:1237) ~[org.apache.lucene.core_3.5.0.v20120725-1805.jar:3.5.0 1204988 - simon - 2011-11-22 14:46:51]
	at org.apache.lucene.queryParser.QueryParser.TopLevelQuery(QueryParser.java:1226) ~[org.apache.lucene.core_3.5.0.v20120725-1805.jar:3.5.0 1204988 - simon - 2011-11-22 14:46:51]
	at org.apache.lucene.queryParser.QueryParser.parse(QueryParser.java:206) ~[org.apache.lucene.core_3.5.0.v20120725-1805.jar:3.5.0 1204988 - simon - 2011-11-22 14:46:51]
	... 65 common frames omitted
2018-01-20 22:23:29,052 [Worker-45] INFO  c.g.t.t.d.PublishedGradleVersions - Gradle version information cache file is out-of-date. Remote download required.
2018-01-21 09:37:44,450 [Worker-20] INFO  c.g.t.t.d.PublishedGradleVersions - Gradle version information cache file is not out-of-date. No remote download required.
2018-02-10 15:45:54,159 [Worker-19] INFO  c.g.t.t.d.PublishedGradleVersions - Gradle version information cache file is out-of-date. Remote download required.
2018-02-10 18:06:57,396 [Worker-70] ERROR o.e.r.s.GitSnippetRepository - Transport operation failed.
org.eclipse.jgit.api.errors.TransportException: http://git.eclipse.org/gitroot/recommenders/org.eclipse.recommenders.snipmatch.snippets.git: cannot open git-upload-pack
	at org.eclipse.jgit.api.FetchCommand.call(FetchCommand.java:139) ~[org.eclipse.jgit_4.1.1.201511131810-r.jar:4.1.1.201511131810-r]
	at org.eclipse.jgit.api.PullCommand.call(PullCommand.java:266) ~[org.eclipse.jgit_4.1.1.201511131810-r.jar:4.1.1.201511131810-r]
	at org.eclipse.recommenders.snipmatch.GitSnippetRepository.pullSnippets(GitSnippetRepository.java:239) ~[org.eclipse.recommenders.snipmatch_2.3.0.v20160216-1255.jar:na]
	at org.eclipse.recommenders.snipmatch.GitSnippetRepository.open(GitSnippetRepository.java:91) ~[org.eclipse.recommenders.snipmatch_2.3.0.v20160216-1255.jar:na]
	at org.eclipse.recommenders.internal.snipmatch.rcp.EclipseGitSnippetRepository$2.run(EclipseGitSnippetRepository.java:166) [org.eclipse.recommenders.snipmatch.rcp_2.3.0.v20160216-1255.jar:na]
	at org.eclipse.core.internal.jobs.Worker.run(Worker.java:55) [org.eclipse.core.jobs_3.7.0.v20150330-2103.jar:na]
Caused by: org.eclipse.jgit.errors.TransportException: http://git.eclipse.org/gitroot/recommenders/org.eclipse.recommenders.snipmatch.snippets.git: cannot open git-upload-pack
	at org.eclipse.jgit.transport.TransportHttp.connect(TransportHttp.java:518) ~[org.eclipse.jgit_4.1.1.201511131810-r.jar:4.1.1.201511131810-r]
	at org.eclipse.jgit.transport.TransportHttp.openFetch(TransportHttp.java:296) ~[org.eclipse.jgit_4.1.1.201511131810-r.jar:4.1.1.201511131810-r]
	at org.eclipse.jgit.transport.FetchProcess.executeImp(FetchProcess.java:136) ~[org.eclipse.jgit_4.1.1.201511131810-r.jar:4.1.1.201511131810-r]
	at org.eclipse.jgit.transport.FetchProcess.execute(FetchProcess.java:122) ~[org.eclipse.jgit_4.1.1.201511131810-r.jar:4.1.1.201511131810-r]
	at org.eclipse.jgit.transport.Transport.fetch(Transport.java:1138) ~[org.eclipse.jgit_4.1.1.201511131810-r.jar:4.1.1.201511131810-r]
	at org.eclipse.jgit.api.FetchCommand.call(FetchCommand.java:130) ~[org.eclipse.jgit_4.1.1.201511131810-r.jar:4.1.1.201511131810-r]
	... 5 common frames omitted
Caused by: java.net.SocketException: Connection reset
	at java.net.SocketInputStream.read(Unknown Source) ~[na:1.8.0_151]
	at java.net.SocketInputStream.read(Unknown Source) ~[na:1.8.0_151]
	at java.io.BufferedInputStream.fill(Unknown Source) ~[na:1.8.0_151]
	at java.io.BufferedInputStream.read1(Unknown Source) ~[na:1.8.0_151]
	at java.io.BufferedInputStream.read(Unknown Source) ~[na:1.8.0_151]
	at sun.net.www.http.HttpClient.parseHTTPHeader(Unknown Source) ~[na:1.8.0_151]
	at sun.net.www.http.HttpClient.parseHTTP(Unknown Source) ~[na:1.8.0_151]
	at sun.net.www.http.HttpClient.parseHTTPHeader(Unknown Source) ~[na:1.8.0_151]
	at sun.net.www.http.HttpClient.parseHTTP(Unknown Source) ~[na:1.8.0_151]
	at sun.net.www.protocol.http.HttpURLConnection.getInputStream0(Unknown Source) ~[na:1.8.0_151]
	at sun.net.www.protocol.http.HttpURLConnection.getInputStream(Unknown Source) ~[na:1.8.0_151]
	at java.net.HttpURLConnection.getResponseCode(Unknown Source) ~[na:1.8.0_151]
	at org.eclipse.jgit.transport.http.JDKHttpConnection.getResponseCode(JDKHttpConnection.java:98) ~[org.eclipse.jgit_4.1.1.201511131810-r.jar:4.1.1.201511131810-r]
	at org.eclipse.jgit.util.HttpSupport.response(HttpSupport.java:174) ~[org.eclipse.jgit_4.1.1.201511131810-r.jar:4.1.1.201511131810-r]
	at org.eclipse.jgit.transport.TransportHttp.connect(TransportHttp.java:469) ~[org.eclipse.jgit_4.1.1.201511131810-r.jar:4.1.1.201511131810-r]
	... 10 common frames omitted
2018-02-11 00:54:29,447 [Worker-35] INFO  c.g.t.t.d.PublishedGradleVersions - Gradle version information cache file is not out-of-date. No remote download required.
2018-02-14 22:35:06,072 [main] INFO  c.g.t.t.d.PublishedGradleVersions - Gradle version information cache file is out-of-date. Remote download required.
2018-03-31 15:18:41,865 [main] INFO  c.g.t.t.d.PublishedGradleVersions - Gradle version information cache file is out-of-date. Remote download required.
2018-04-02 12:39:59,387 [main] INFO  c.g.t.t.d.PublishedGradleVersions - Gradle version information cache file is out-of-date. Remote download required.
2018-04-10 17:51:13,921 [main] INFO  c.g.t.t.d.PublishedGradleVersions - Gradle version information cache file is out-of-date. Remote download required.
2018-04-11 00:12:27,787 [main] INFO  c.g.t.t.d.PublishedGradleVersions - Gradle version information cache file is not out-of-date. No remote download required.
