INFO  2002-01-01 00:08:28,424 (Saros.java:220) Starting Saros 14.10.31 running:
  Java Version: 1.8.0_161
  Java Vendor: Oracle Corporation
  Eclipse Runtime Version: 3.11.1.v20150903-1804
  Operating System: Windows 7 (6.1)
  Hardware Architecture: x86
INFO  2002-01-01 00:08:28,664 (SarosContext.java:153) creating Saros runtime context...
DEBUG 2002-01-01 00:08:29,085 (XMPPAccountStore.java:117) loading accounts from file: C:\Users\Utilisateur\.saros\config.dat
DEBUG 2002-01-01 00:08:30,324 (XMPPAccountStore.java:176) loaded 3 account(s)
INFO  2002-01-01 00:08:31,678 (SarosContext.java:199) successfully created Saros runtime context
DEBUG 2002-01-01 00:08:31,801 (DataTransferManager.java:467) used transport order for the current XMPP connection: [XMPP-Socks5-Transport, XMPP-IBB-Transport]
INFO  2002-01-01 00:08:31,889 (PreferenceInitializer.java:50) initializing preference default values
DEBUG 2002-01-01 00:08:32,075 (SarosAnnotation.java:117) resetting annotation colors
DEBUG 2002-01-01 00:08:32,303 (Saros.java:430) skipping conversion of old XMPP accounts, because there are already new ones
DEBUG 2002-01-01 00:09:00,418 (SharedDocumentProvider.java:77) SharedDocumentProvider created by Eclipse
DEBUG 2002-01-01 00:09:47,054 (WhiteboardManager.java:194) WhiteboardManager instantiated
DEBUG 2002-01-01 00:09:47,465 (DocumentRecord.java:93) Added Node: attr(100984018741812076) name=svg
DEBUG 2002-01-01 00:09:50,718 (XMPPConnectionService.java:439) started Socks5 proxy on port: 7777 [listening on all interfaces]
DEBUG 2002-01-01 00:09:51,033 (XMPPConnectionService.java:459) using autodetected addresses: [192.168.43.57, fe80:0:0:0:5909:ff6c:4f52:7730%wlan0]
DEBUG 2002-01-01 00:09:51,495 (XMPPConnectionService.java:398)  new connection state == CONNECTING
DEBUG 2002-01-01 00:09:54,543 (XMPPConnectionService.java:398) leroideskiwis@saros-con.imp.fu-berlin.de/Saros new connection state == CONNECTED
DEBUG 2002-01-01 00:09:54,543 (DataTransferManager.java:467) used transport order for the current XMPP connection: [XMPP-Socks5-Transport, XMPP-IBB-Transport]
DEBUG 2002-01-01 00:09:54,576 (SkypeManager.java:289) Refreshing Skype username cache...
WARN  2002-01-01 00:10:01,774 (StunServiceImpl.java:420) received no response from STUN server stunserver.org/67.227.226.240:3478 at local address /192.168.43.57:0
